Arguments: 
  Z:\program\nodejs\node.exe Z:\program\nodejs\node_global\node_modules\yarn\bin\yarn.js init

PATH: 
  C:\Users\86188\bin;Z:\program\Git\mingw64\bin;Z:\program\Git\usr\local\bin;Z:\program\Git\usr\bin;Z:\program\Git\usr\bin;Z:\program\Git\mingw64\bin;Z:\program\Git\usr\bin;C:\Users\86188\bin;C:\Python39\Scripts;C:\Python39;C:\Program Files\Git\usr\local\bin;C:\Program Files\Java\jdk-11.0.2\bin;C:\Program Files\Git\bin;C:\Program Files\Common Files\Oracle\Java\javapath;Z:\program\python\python38;Z:\program\Java\jdk-11.0.10\jre\bin;Z:\program\Java\jdk-11.0.10\bin;C:\Program Files (x86)\Common Files\Oracle\Java\javapath;C:\WINDOWS\system32;C:\WINDOW;system32";C:\WINDOWS\System32\Wbem;C:\WINDOWS\System32\WindowsPowerShell\v1.0;C:\WINDOWS\System32\OpenSSH;Z:\program\mysql\bin;Z:\program\mingw64;Z:\program\Geth;C:\Program Files\Geth;C:\ProgramData\chocolatey\bin;Z:\program\IBM\SPSS\Statistics\24\JRE\bin;C:\Program Files\dotnet;C:\Program Files\Microsoft SQL Server\130\Tools\Binn;C:\Program Files\Microsoft SQL Server\Client SDK\ODBC\170\Tools\Binn;Z:\program\MPICH2\bin;Z:\tool\NetSarang\Xftp 7;C:\Program Files\Go\bin;Z:\program\Tomcat\apache-tomcat-10.0.5-windows-x64\apache-tomcat-10.0.5\bin;Z:\program\WorkSpace\apache-maven-3.8.1-bin\apache-maven-3.8.1\bin;Z:\program\Git\cmd;Z:\program\xampp\mysql\bin;Z:\program\nvm;Z:\program\nodejs;C:\Program Files\Pandoc;Z:\program\nodejs\node_global;C:\WINDOWS;C:\Program Files\MySQL\MySQL Server 5.7\bin;C:\Program Files (x86)\Yarn\bin;Z:\program\python\python38\Scripts;Z:\program\python\python38;Z:\program\python38\Scripts;Z:\program\python38;Z:\program\PostgreSQL\bin;Z:\program\IntelliJ IDEA Educational Edition 2019.3.3\bin;Z:\program\Microsoft VS Code\bin;Z:\program\JetBrains\IntelliJ IDEA Community Edition 2020.3.1\bin;Z:\program\JetBrains\IntelliJ IDEA 2020.1.3\bin;Z:\gobook\bin;Z:\program\mingw64\bin;C:\ProgramData\chocolatey\lib\mingw\tools\install\mingw64\bin;C:\Users\86188\.dotnet\tools;Z:\program\MPICH2\bin;Z:\program\PyCharm 2020.3.3\bin;C:\Users\86188\go\bin;Z:\program\JetBrains\WebStorm 2020.1.2\bin;Z:\program\nodejs\node_global;Z:\program\nvm;Z:\program\nodejs;C:\Users\86188\AppData\Local\Microsoft\WindowsApps;C:\Program Files\MySQL\MySQL Server 5.7\bin;C:\Users\86188\AppData\Local\Yarn\bin;Z:\program\Git\usr\bin\vendor_perl;Z:\program\Git\usr\bin\core_perl

Yarn version: 
  1.22.10

Node version: 
  12.22.1

Platform: 
  win32 x64

Trace: 
  Error: Can't answer a question unless a user TTY
      at ConsoleReporter.question (Z:\program\nvm\v12.22.1\node_global\node_modules\yarn\lib\cli.js:96361:59)
      at Object.<anonymous> (Z:\program\nvm\v12.22.1\node_global\node_modules\yarn\lib\cli.js:88636:38)
      at Generator.next (<anonymous>)
      at step (Z:\program\nvm\v12.22.1\node_global\node_modules\yarn\lib\cli.js:310:30)
      at Z:\program\nvm\v12.22.1\node_global\node_modules\yarn\lib\cli.js:321:13
      at processTicksAndRejections (internal/process/task_queues.js:97:5)

npm manifest: 
  No manifest

yarn manifest: 
  No manifest

Lockfile: 
  No lockfile
